2024-06-12 14:40:21,111{GMT}	INFO	[jepsen test runner] jepsen.core: Test version f2c708edc8b184839639a461ce2d0a4394abc63e (plus uncommitted changes)
2024-06-12 14:40:21,112{GMT}	INFO	[jepsen test runner] jepsen.core: Command line:
lein run test -w broadcast --bin ./target/debug/broadcast_3a --node-count 1 --time-limit 10
2024-06-12 14:40:21,154{GMT}	INFO	[jepsen test runner] jepsen.core: Running test:
{:args []
 :remote
 #jepsen.control.retry.Remote{:remote #jepsen.control.scp.Remote{:cmd-remote #jepsen.control.sshj.SSHJRemote{:concurrency-limit 6,
                                                                                                             :conn-spec nil,
                                                                                                             :client nil,
                                                                                                             :semaphore nil},
                                                                 :conn-spec nil},
                              :conn nil}
 :log-net-send false
 :node-count 1
 :availability nil
 :max-txn-length 4
 :concurrency 1
 :db
 #object[maelstrom.db$db$reify__16142
         "0x10c26161"
         "maelstrom.db$db$reify__16142@10c26161"]
 :max-writes-per-key 16
 :leave-db-running? false
 :name "broadcast"
 :logging-json? false
 :start-time
 #object[org.joda.time.DateTime "0x6b28d4e4" "2024-06-12T14:40:20.965+05:30"]
 :nemesis-interval 10
 :net
 #object[maelstrom.net$jepsen_net$reify__15251
         "0x41cfcbb5"
         "maelstrom.net$jepsen_net$reify__15251@41cfcbb5"]
 :client
 #object[maelstrom.workload.broadcast$client$reify__16644
         "0x40941b54"
         "maelstrom.workload.broadcast$client$reify__16644@40941b54"]
 :barrier
 #object[java.util.concurrent.CyclicBarrier
         "0x3b42d7df"
         "java.util.concurrent.CyclicBarrier@3b42d7df"]
 :log-stderr false
 :pure-generators true
 :ssh {:dummy? true}
 :rate 5
 :checker
 #object[jepsen.checker$compose$reify__11881
         "0x1660bba7"
         "jepsen.checker$compose$reify__11881@1660bba7"]
 :argv
 ("test"
  "-w"
  "broadcast"
  "--bin"
  "./target/debug/broadcast_3a"
  "--node-count"
  "1"
  "--time-limit"
  "10")
 :nemesis
 (jepsen.nemesis.ReflCompose
  {:fm {:start-partition 0,
        :stop-partition 0,
        :kill 1,
        :start 1,
        :pause 1,
        :resume 1},
   :nemeses [#unprintable "jepsen.nemesis.combined$partition_nemesis$reify__16416@29cd48bd"
             #unprintable "jepsen.nemesis.combined$db_nemesis$reify__16397@49e3b86b"]})
 :nodes ["n0"]
 :test-count 1
 :latency {:mean 0, :dist :constant}
 :bin "./target/debug/broadcast_3a"
 :generator
 ((jepsen.generator.Synchronize
   {:gen (jepsen.generator.TimeLimit
          {:limit 10000000000,
           :cutoff nil,
           :gen (jepsen.generator.Any
                 {:gens [(jepsen.generator.OnThreads
                          {:f #{:nemesis},
                           :context-filter #object[jepsen.generator.context$make_thread_filter$lazy_filter__9167
                                                   "0x8d40f07"
                                                   "jepsen.generator.context$make_thread_filter$lazy_filter__9167@8d40f07"],
                           :gen nil})
                         (jepsen.generator.OnThreads
                          {:f #jepsen.generator.context.AllBut{:element :nemesis},
                           :context-filter #object[jepsen.generator.context$make_thread_filter$lazy_filter__9167
                                                   "0x196c8b93"
                                                   "jepsen.generator.context$make_thread_filter$lazy_filter__9167@196c8b93"],
                           :gen (jepsen.generator.Stagger
                                 {:dt 400000000,
                                  :next-time nil,
                                  :gen (jepsen.generator.Mix
                                        {:i 1,
                                         :gens [({:f :broadcast, :value 0}
                                                 {:f :broadcast, :value 1}
                                                 {:f :broadcast, :value 2}
                                                 {:f :broadcast, :value 3}
                                                 {:f :broadcast, :value 4}
                                                 {:f :broadcast, :value 5}
                                                 {:f :broadcast, :value 6}
                                                 {:f :broadcast, :value 7}
                                                 ...)
                                                ({:f :read}
                                                 {:f :read}
                                                 {:f :read}
                                                 {:f :read}
                                                 {:f :read}
                                                 {:f :read}
                                                 {:f :read}
                                                 {:f :read}
                                                 ...)]})})})]})})})
  (jepsen.generator.Synchronize
   {:gen (jepsen.generator.OnThreads
          {:f #{:nemesis},
           :context-filter #object[jepsen.generator.context$make_thread_filter$lazy_filter__9167
                                   "0x61d1315b"
                                   "jepsen.generator.context$make_thread_filter$lazy_filter__9167@61d1315b"],
           :gen ()})})
  (jepsen.generator.Synchronize
   {:gen {:type :log, :value "Waiting for recovery..."}})
  (jepsen.generator.Synchronize {:gen {:type :sleep, :value 10}})
  (jepsen.generator.Synchronize
   {:gen (jepsen.generator.OnThreads
          {:f #jepsen.generator.context.AllBut{:element :nemesis},
           :context-filter #object[jepsen.generator.context$make_thread_filter$lazy_filter__9167
                                   "0x49d5b651"
                                   "jepsen.generator.context$make_thread_filter$lazy_filter__9167@49d5b651"],
           :gen (jepsen.generator.EachThread
                 {:fresh-gen {:f :read, :final? true},
                  :context-filters #object[clojure.core$promise$reify__8591
                                           "0x34989ceb"
                                           {:status :pending, :val nil}],
                  :gens {}})})}))
 :log-net-recv false
 :os
 #object[maelstrom.net$jepsen_os$reify__15254
         "0x61fb3dae"
         "maelstrom.net$jepsen_os$reify__15254@61fb3dae"]
 :time-limit 10
 :workload :broadcast
 :consistency-models [:strict-serializable]
 :topology :grid}

2024-06-12 14:40:22,057{GMT}	INFO	[jepsen node n0] maelstrom.net: Starting Maelstrom network
2024-06-12 14:40:22,058{GMT}	INFO	[jepsen test runner] jepsen.db: Tearing down DB
2024-06-12 14:40:22,058{GMT}	INFO	[jepsen test runner] jepsen.db: Setting up DB
2024-06-12 14:40:22,059{GMT}	INFO	[jepsen node n0] maelstrom.service: Starting services: (lin-kv lin-tso lww-kv seq-kv)
2024-06-12 14:40:22,060{GMT}	INFO	[jepsen node n0] maelstrom.db: Setting up n0
2024-06-12 14:40:22,060{GMT}	INFO	[jepsen node n0] maelstrom.process: launching ./target/debug/broadcast_3a []
2024-06-12 14:40:23,069{GMT}	INFO	[jepsen node n0] maelstrom.net: Shutting down Maelstrom network
2024-06-12 14:40:23,070{GMT}	WARN	[jepsen test runner] jepsen.core: Test crashed!
java.io.IOException: Cannot run program "/Users/brain/Desktop/projects/rust-projects/echo-server/kv/target/debug/broadcast_3a" (in directory "/var/folders/l9/7rsr4c3x5ybfqhhjr12zwnzm0000gp/T"): error=2, No such file or directory
	at java.base/java.lang.ProcessBuilder.start(ProcessBuilder.java:1170)
	at java.base/java.lang.ProcessBuilder.start(ProcessBuilder.java:1089)
	at maelstrom.process$start_node_BANG_.invokeStatic(process.clj:199)
	at maelstrom.process$start_node_BANG_.invoke(process.clj:168)
	at maelstrom.db$db$reify__16142.setup_BANG_(db.clj:34)
	at jepsen.db$fn__8729$G__8723__8733.invoke(db.clj:12)
	at jepsen.db$fn__8729$G__8722__8738.invoke(db.clj:12)
	at clojure.core$partial$fn__5908.invoke(core.clj:2642)
	at jepsen.control$on_nodes$fn__8599.invoke(control.clj:314)
	at clojure.lang.AFn.applyToHelper(AFn.java:154)
	at clojure.lang.AFn.applyTo(AFn.java:144)
	at clojure.core$apply.invokeStatic(core.clj:667)
	at clojure.core$with_bindings_STAR_.invokeStatic(core.clj:1990)
	at clojure.core$with_bindings_STAR_.doInvoke(core.clj:1990)
	at clojure.lang.RestFn.applyTo(RestFn.java:142)
	at clojure.core$apply.invokeStatic(core.clj:671)
	at clojure.core$bound_fn_STAR_$fn__5818.doInvoke(core.clj:2020)
	at clojure.lang.RestFn.invoke(RestFn.java:408)
	at dom_top.core$real_pmap_helper$build_thread__211$fn__212.invoke(core.clj:163)
	at clojure.lang.AFn.applyToHelper(AFn.java:152)
	at clojure.lang.AFn.applyTo(AFn.java:144)
	at clojure.core$apply.invokeStatic(core.clj:667)
	at clojure.core$with_bindings_STAR_.invokeStatic(core.clj:1990)
	at clojure.core$with_bindings_STAR_.doInvoke(core.clj:1990)
	at clojure.lang.RestFn.invoke(RestFn.java:425)
	at clojure.lang.AFn.applyToHelper(AFn.java:156)
	at clojure.lang.RestFn.applyTo(RestFn.java:132)
	at clojure.core$apply.invokeStatic(core.clj:671)
	at clojure.core$bound_fn_STAR_$fn__5818.doInvoke(core.clj:2020)
	at clojure.lang.RestFn.invoke(RestFn.java:397)
	at clojure.lang.AFn.run(AFn.java:22)
	at java.base/java.lang.Thread.run(Thread.java:1583)
Caused by: java.io.IOException: error=2, No such file or directory
	at java.base/java.lang.ProcessImpl.forkAndExec(Native Method)
	at java.base/java.lang.ProcessImpl.<init>(ProcessImpl.java:295)
	at java.base/java.lang.ProcessImpl.start(ProcessImpl.java:225)
	at java.base/java.lang.ProcessBuilder.start(ProcessBuilder.java:1126)
	... 31 common frames omitted
